Running: /opt/Xilinx/14.7/ISE_DS/ISE/bin/lin64/unwrapped/fuse -intstyle ise -incremental -lib unisims_ver -lib unimacro_ver -lib xilinxcorelib_ver -lib secureip -o /home/ise/XIlinxShare/Public-Key Decryption/PublicKeyDecryption/privateKeyGen_tb_isim_beh.exe -prj /home/ise/XIlinxShare/Public-Key Decryption/PublicKeyDecryption/privateKeyGen_tb_beh.prj work.privateKeyGen_tb work.glbl 
ISim P.20160913 (signature 0xfbc00daa)
Number of CPUs detected in this system: 1
Turning on mult-threading, number of parallel sub-compilation jobs: 0 
Determining compilation order of HDL files
Analyzing Verilog file "/home/ise/XIlinxShare/Public-Key Decryption/PublicKeyDecryption/privatekeyGen.v" into library work
WARNING:HDLCompiler:693 - "/home/ise/XIlinxShare/Public-Key Decryption/PublicKeyDecryption/privatekeyGen.v" Line 32: Parameter declaration becomes local in privatekeyGen with formal parameter declaration list
WARNING:HDLCompiler:693 - "/home/ise/XIlinxShare/Public-Key Decryption/PublicKeyDecryption/privatekeyGen.v" Line 33: Parameter declaration becomes local in privatekeyGen with formal parameter declaration list
WARNING:HDLCompiler:693 - "/home/ise/XIlinxShare/Public-Key Decryption/PublicKeyDecryption/privatekeyGen.v" Line 34: Parameter declaration becomes local in privatekeyGen with formal parameter declaration list
WARNING:HDLCompiler:693 - "/home/ise/XIlinxShare/Public-Key Decryption/PublicKeyDecryption/privatekeyGen.v" Line 35: Parameter declaration becomes local in privatekeyGen with formal parameter declaration list
Analyzing Verilog file "/home/ise/XIlinxShare/Public-Key Decryption/PublicKeyDecryption/privateKeyGen_tb.v" into library work
Analyzing Verilog file "/opt/Xilinx/14.7/ISE_DS/ISE//verilog/src/glbl.v" into library work
Starting static elaboration
Completed static elaboration
Fuse Memory Usage: 94948 KB
Fuse CPU Usage: 960 ms
Compiling module privatekeyGen
Compiling module privateKeyGen_tb
Compiling module glbl
Time Resolution for simulation is 1ps.
Compiled 3 Verilog Units
Built simulation executable /home/ise/XIlinxShare/Public-Key Decryption/PublicKeyDecryption/privateKeyGen_tb_isim_beh.exe
Fuse Memory Usage: 98032 KB
Fuse CPU Usage: 980 ms
GCC CPU Usage: 180 ms
