Release 14.7 - xst P.20160913 (lin64)
Copyright (c) 1995-2013 Xilinx, Inc.  All rights reserved.
--> 
Parameter TMPDIR set to xst/projnav.tmp


Total REAL time to Xst completion: 0.00 secs
Total CPU time to Xst completion: 0.06 secs
 
--> 
Parameter xsthdpdir set to xst


Total REAL time to Xst completion: 0.00 secs
Total CPU time to Xst completion: 0.06 secs
 
--> 
Reading design: GCD.prj

TABLE OF CONTENTS
  1) Synthesis Options Summary
  2) HDL Parsing
  3) HDL Elaboration
  4) HDL Synthesis
       4.1) HDL Synthesis Report
  5) Advanced HDL Synthesis
       5.1) Advanced HDL Synthesis Report
  6) Low Level Synthesis
  7) Partition Report
  8) Design Summary
       8.1) Primitive and Black Box Usage
       8.2) Device utilization summary
       8.3) Partition Resource Summary
       8.4) Timing Report
            8.4.1) Clock Information
            8.4.2) Asynchronous Control Signals Information
            8.4.3) Timing Summary
            8.4.4) Timing Details
            8.4.5) Cross Clock Domains Report


=========================================================================
*                      Synthesis Options Summary                        *
=========================================================================
---- Source Parameters
Input File Name                    : "GCD.prj"
Ignore Synthesis Constraint File   : NO

---- Target Parameters
Output File Name                   : "GCD"
Output Format                      : NGC
Target Device                      : xc6slx9-3-tqg144

---- Source Options
Top Module Name                    : GCD
Automatic FSM Extraction           : YES
FSM Encoding Algorithm             : Auto
Safe Implementation                : No
FSM Style                          : LUT
RAM Extraction                     : Yes
RAM Style                          : Auto
ROM Extraction                     : Yes
Shift Register Extraction          : YES
ROM Style                          : Auto
Resource Sharing                   : YES
Asynchronous To Synchronous        : NO
Shift Register Minimum Size        : 2
Use DSP Block                      : Auto
Automatic Register Balancing       : No

---- Target Options
LUT Combining                      : Auto
Reduce Control Sets                : Auto
Add IO Buffers                     : YES
Global Maximum Fanout              : 100000
Add Generic Clock Buffer(BUFG)     : 16
Register Duplication               : YES
Optimize Instantiated Primitives   : NO
Use Clock Enable                   : Auto
Use Synchronous Set                : Auto
Use Synchronous Reset              : Auto
Pack IO Registers into IOBs        : Auto
Equivalent register Removal        : YES

---- General Options
Optimization Goal                  : Speed
Optimization Effort                : 1
Power Reduction                    : NO
Keep Hierarchy                     : No
Netlist Hierarchy                  : As_Optimized
RTL Output                         : Yes
Global Optimization                : AllClockNets
Read Cores                         : YES
Write Timing Constraints           : NO
Cross Clock Analysis               : NO
Hierarchy Separator                : /
Bus Delimiter                      : <>
Case Specifier                     : Maintain
Slice Utilization Ratio            : 100
BRAM Utilization Ratio             : 100
DSP48 Utilization Ratio            : 100
Auto BRAM Packing                  : NO
Slice Utilization Ratio Delta      : 5

=========================================================================


=========================================================================
*                          HDL Parsing                                  *
=========================================================================
Analyzing Verilog file "/home/ise/VMShare/Public-Key-Decryption/PublicKeyDecryption/GCD.v" into library work
Parsing module <GCD>.

=========================================================================
*                            HDL Elaboration                            *
=========================================================================

Elaborating module <GCD>.

=========================================================================
*                           HDL Synthesis                               *
=========================================================================

Synthesizing Unit <GCD>.
    Related source file is "/home/ise/VMShare/Public-Key-Decryption/PublicKeyDecryption/GCD.v".
        checkLoop = 2'b00
        second = 2'b01
        finished = 2'b10
        setup = 2'b11
    Found 2-bit register for signal <state>.
    Found 8-bit register for signal <c>.
    Found 8-bit register for signal <tmp2>.
    Found finite state machine <FSM_0> for signal <state>.
    -----------------------------------------------------------------------
    | States             | 4                                              |
    | Transitions        | 5                                              |
    | Inputs             | 1                                              |
    | Outputs            | 2                                              |
    | Clock              | clk (rising_edge)                              |
    | Power Up State     | 11                                             |
    | Encoding           | auto                                           |
    | Implementation     | LUT                                            |
    -----------------------------------------------------------------------
    Summary:
	inferred  16 D-type flip-flop(s).
	inferred   1 Multiplexer(s).
	inferred   1 Finite State Machine(s).
Unit <GCD> synthesized.

Synthesizing Unit <mod_8u_8u>.
    Related source file is "".
    Found 16-bit adder for signal <n0292> created at line 0.
    Found 16-bit adder for signal <GND_2_o_b[7]_add_1_OUT> created at line 0.
    Found 15-bit adder for signal <n0296> created at line 0.
    Found 15-bit adder for signal <GND_2_o_b[7]_add_3_OUT> created at line 0.
    Found 14-bit adder for signal <n0300> created at line 0.
    Found 14-bit adder for signal <GND_2_o_b[7]_add_5_OUT> created at line 0.
    Found 13-bit adder for signal <n0304> created at line 0.
    Found 13-bit adder for signal <GND_2_o_b[7]_add_7_OUT> created at line 0.
    Found 12-bit adder for signal <n0308> created at line 0.
    Found 12-bit adder for signal <GND_2_o_b[7]_add_9_OUT> created at line 0.
    Found 11-bit adder for signal <n0312> created at line 0.
    Found 11-bit adder for signal <GND_2_o_b[7]_add_11_OUT> created at line 0.
    Found 10-bit adder for signal <n0316> created at line 0.
    Found 10-bit adder for signal <GND_2_o_b[7]_add_13_OUT> created at line 0.
    Found 9-bit adder for signal <n0320> created at line 0.
    Found 9-bit adder for signal <GND_2_o_b[7]_add_15_OUT> created at line 0.
    Found 8-bit adder for signal <n0324> created at line 0.
    Found 8-bit adder for signal <a[7]_b[7]_add_17_OUT[7:0]> created at line 0.
    Found 16-bit comparator lessequal for signal <BUS_0001> created at line 0
    Found 15-bit comparator lessequal for signal <BUS_0002> created at line 0
    Found 14-bit comparator lessequal for signal <BUS_0003> created at line 0
    Found 13-bit comparator lessequal for signal <BUS_0004> created at line 0
    Found 12-bit comparator lessequal for signal <BUS_0005> created at line 0
    Found 11-bit comparator lessequal for signal <BUS_0006> created at line 0
    Found 10-bit comparator lessequal for signal <BUS_0007> created at line 0
    Found 9-bit comparator lessequal for signal <BUS_0008> created at line 0
    Found 8-bit comparator lessequal for signal <BUS_0009> created at line 0
    Summary:
	inferred  18 Adder/Subtractor(s).
	inferred   9 Comparator(s).
	inferred  58 Multiplexer(s).
Unit <mod_8u_8u> synthesized.

=========================================================================
HDL Synthesis Report

Macro Statistics
# Adders/Subtractors                                   : 18
 10-bit adder                                          : 2
 11-bit adder                                          : 2
 12-bit adder                                          : 2
 13-bit adder                                          : 2
 14-bit adder                                          : 2
 15-bit adder                                          : 2
 16-bit adder                                          : 2
 8-bit adder                                           : 2
 9-bit adder                                           : 2
# Registers                                            : 2
 8-bit register                                        : 2
# Comparators                                          : 9
 10-bit comparator lessequal                           : 1
 11-bit comparator lessequal                           : 1
 12-bit comparator lessequal                           : 1
 13-bit comparator lessequal                           : 1
 14-bit comparator lessequal                           : 1
 15-bit comparator lessequal                           : 1
 16-bit comparator lessequal                           : 1
 8-bit comparator lessequal                            : 1
 9-bit comparator lessequal                            : 1
# Multiplexers                                         : 59
 1-bit 2-to-1 multiplexer                              : 56
 8-bit 2-to-1 multiplexer                              : 3
# FSMs                                                 : 1

=========================================================================

=========================================================================
*                       Advanced HDL Synthesis                          *
=========================================================================


=========================================================================
Advanced HDL Synthesis Report

Macro Statistics
# Adders/Subtractors                                   : 9
 8-bit adder carry in                                  : 9
# Registers                                            : 16
 Flip-Flops                                            : 16
# Comparators                                          : 9
 10-bit comparator lessequal                           : 1
 11-bit comparator lessequal                           : 1
 12-bit comparator lessequal                           : 1
 13-bit comparator lessequal                           : 1
 14-bit comparator lessequal                           : 1
 15-bit comparator lessequal                           : 1
 16-bit comparator lessequal                           : 1
 8-bit comparator lessequal                            : 1
 9-bit comparator lessequal                            : 1
# Multiplexers                                         : 59
 1-bit 2-to-1 multiplexer                              : 56
 8-bit 2-to-1 multiplexer                              : 3
# FSMs                                                 : 1

=========================================================================

=========================================================================
*                         Low Level Synthesis                           *
=========================================================================
Analyzing FSM <MFsm> for best encoding.
Optimizing FSM <FSM_0> on signal <state[1:2]> with sequential encoding.
-------------------
 State | Encoding
-------------------
 11    | 00
 01    | 01
 10    | 10
 00    | 11
-------------------

Optimizing unit <GCD> ...

Optimizing unit <mod_8u_8u> ...

Mapping all equations...
Building and optimizing final netlist ...
Found area constraint ratio of 100 (+ 5) on block GCD, actual ratio is 2.

Final Macro Processing ...

=========================================================================
Final Register Report

Macro Statistics
# Registers                                            : 18
 Flip-Flops                                            : 18

=========================================================================

=========================================================================
*                           Partition Report                            *
=========================================================================

Partition Implementation Status
-------------------------------

  No Partitions were found in this design.

-------------------------------

=========================================================================
*                            Design Summary                             *
=========================================================================

Top Level Output File Name         : GCD.ngc

Primitive and Black Box Usage:
------------------------------
# BELS                             : 136
#      INV                         : 2
#      LUT2                        : 13
#      LUT3                        : 20
#      LUT4                        : 8
#      LUT5                        : 18
#      LUT6                        : 34
#      MUXCY                       : 18
#      MUXF7                       : 1
#      VCC                         : 1
#      XORCY                       : 21
# FlipFlops/Latches                : 18
#      FD                          : 2
#      FDE                         : 16
# Clock Buffers                    : 1
#      BUFGP                       : 1
# IO Buffers                       : 24
#      IBUF                        : 16
#      OBUF                        : 8

Device utilization summary:
---------------------------

Selected Device : 6slx9tqg144-3 


Slice Logic Utilization: 
 Number of Slice Registers:              18  out of  11440     0%  
 Number of Slice LUTs:                   95  out of   5720     1%  
    Number used as Logic:                95  out of   5720     1%  

Slice Logic Distribution: 
 Number of LUT Flip Flop pairs used:     95
   Number with an unused Flip Flop:      77  out of     95    81%  
   Number with an unused LUT:             0  out of     95     0%  
   Number of fully used LUT-FF pairs:    18  out of     95    18%  
   Number of unique control sets:         3

IO Utilization: 
 Number of IOs:                          25
 Number of bonded IOBs:                  25  out of    102    24%  

Specific Feature Utilization:
 Number of BUFG/BUFGCTRLs:                1  out of     16     6%  

---------------------------
Partition Resource Summary:
---------------------------

  No Partitions were found in this design.

---------------------------


=========================================================================
Timing Report

NOTE: THESE TIMING NUMBERS ARE ONLY A SYNTHESIS ESTIMATE.
      FOR ACCURATE TIMING INFORMATION PLEASE REFER TO THE TRACE REPORT
      GENERATED AFTER PLACE-and-ROUTE.

Clock Information:
------------------
-----------------------------------+------------------------+-------+
Clock Signal                       | Clock buffer(FF name)  | Load  |
-----------------------------------+------------------------+-------+
clk                                | BUFGP                  | 18    |
-----------------------------------+------------------------+-------+

Asynchronous Control Signals Information:
----------------------------------------
No asynchronous control signals found in this design

Timing Summary:
---------------
Speed Grade: -3

   Minimum period: 2.659ns (Maximum Frequency: 376.102MHz)
   Minimum input arrival time before clock: 27.992ns
   Maximum output required time after clock: 3.634ns
   Maximum combinational path delay: No path found

Timing Details:
---------------
All values displayed in nanoseconds (ns)

=========================================================================
Timing constraint: Default period analysis for Clock 'clk'
  Clock period: 2.659ns (frequency: 376.102MHz)
  Total number of paths / destination ports: 60 / 34
-------------------------------------------------------------------------
Delay:               2.659ns (Levels of Logic = 1)
  Source:            state_FSM_FFd2 (FF)
  Destination:       c_0 (FF)
  Source Clock:      clk rising
  Destination Clock: clk rising

  Data Path: state_FSM_FFd2 to c_0
                                Gate     Net
    Cell:in->out      fanout   Delay   Delay  Logical Name (Net Name)
    ----------------------------------------  ------------
     FD:C->Q              11   0.447   0.882  state_FSM_FFd2 (state_FSM_FFd2)
     INV:I->O              8   0.206   0.802  _n0021<1>1_cepot_INV_0 (_n0021<1>1_cepot)
     FDE:CE                    0.322          c_0
    ----------------------------------------
    Total                      2.659ns (0.975ns logic, 1.684ns route)
                                       (36.7% logic, 63.3% route)

=========================================================================
Timing constraint: Default OFFSET IN BEFORE for Clock 'clk'
  Total number of paths / destination ports: 27440706 / 16
-------------------------------------------------------------------------
Offset:              27.992ns (Levels of Logic = 25)
  Source:            b<1> (PAD)
  Destination:       tmp2_0 (FF)
  Destination Clock: clk rising

  Data Path: b<1> to tmp2_0
                                Gate     Net
    Cell:in->out      fanout   Delay   Delay  Logical Name (Net Name)
    ----------------------------------------  ------------
     IBUF:I->O            19   1.222   1.436  b_1_IBUF (b_1_IBUF)
     LUT6:I0->O            1   0.203   0.827  a[7]_b[7]_mod_3/BUS_0002_INV_18_o1 (a[7]_b[7]_mod_3/BUS_0002_INV_18_o1)
     LUT6:I2->O            2   0.203   0.845  a[7]_b[7]_mod_3/Mmux_a[0]_GND_2_o_MUX_72_o171 (a[7]_b[7]_mod_3/a[7]_GND_2_o_MUX_65_o)
     LUT6:I3->O            3   0.205   0.995  a[7]_b[7]_mod_3/BUS_0003_INV_34_o1 (a[7]_b[7]_mod_3/BUS_0003_INV_34_o)
     LUT5:I0->O            1   0.203   0.580  a[7]_b[7]_mod_3/BUS_0004_INV_49_o1_SW0 (N8)
     LUT6:I5->O            4   0.205   1.048  a[7]_b[7]_mod_3/BUS_0004_INV_49_o1 (a[7]_b[7]_mod_3/BUS_0004_INV_49_o)
     LUT6:I0->O            2   0.203   0.981  a[7]_b[7]_mod_3/Mmux_a[0]_GND_2_o_MUX_126_o161 (a[7]_b[7]_mod_3/a[6]_GND_2_o_MUX_120_o)
     LUT6:I0->O            2   0.203   0.721  a[7]_b[7]_mod_3/BUS_0005_INV_63_o2 (a[7]_b[7]_mod_3/BUS_0005_INV_63_o1)
     LUT5:I3->O            4   0.203   1.048  a[7]_b[7]_mod_3/BUS_0005_INV_63_o11 (a[7]_b[7]_mod_3/BUS_0005_INV_63_o)
     LUT6:I0->O            2   0.203   0.981  a[7]_b[7]_mod_3/Mmux_a[0]_GND_2_o_MUX_150_o151 (a[7]_b[7]_mod_3/a[5]_GND_2_o_MUX_145_o)
     LUT6:I0->O            5   0.203   0.943  a[7]_b[7]_mod_3/BUS_0006_INV_76_o2 (a[7]_b[7]_mod_3/BUS_0006_INV_76_o1)
     LUT6:I3->O           10   0.205   1.221  a[7]_b[7]_mod_3/BUS_0006_INV_76_o11 (a[7]_b[7]_mod_3/BUS_0006_INV_76_o)
     LUT6:I0->O            4   0.203   1.048  a[7]_b[7]_mod_3/Mmux_a[0]_GND_2_o_MUX_172_o141 (a[7]_b[7]_mod_3/a[4]_GND_2_o_MUX_168_o)
     LUT6:I0->O            1   0.203   0.684  a[7]_b[7]_mod_3/BUS_0007_INV_88_o1 (a[7]_b[7]_mod_3/BUS_0007_INV_88_o1)
     LUT3:I1->O            1   0.203   0.580  a[7]_b[7]_mod_3/BUS_0007_INV_88_o24_SW0 (N15)
     LUT6:I5->O           12   0.205   1.253  a[7]_b[7]_mod_3/BUS_0007_INV_88_o24 (a[7]_b[7]_mod_3/BUS_0007_INV_88_o)
     LUT5:I0->O            2   0.203   0.981  a[7]_b[7]_mod_3/Mmux_a[0]_GND_2_o_MUX_192_o131 (a[7]_b[7]_mod_3/a[3]_GND_2_o_MUX_189_o)
     LUT6:I0->O            2   0.203   0.981  a[7]_b[7]_mod_3/BUS_0008_INV_99_o2 (a[7]_b[7]_mod_3/BUS_0008_INV_99_o1)
     LUT6:I0->O            1   0.203   0.000  a[7]_b[7]_mod_3/BUS_0008_INV_99_o1_G (N18)
     MUXF7:I1->O          10   0.140   1.201  a[7]_b[7]_mod_3/BUS_0008_INV_99_o1 (a[7]_b[7]_mod_3/BUS_0008_INV_99_o2)
     LUT6:I1->O            4   0.203   1.048  a[7]_b[7]_mod_3/Mmux_n032261 (a[7]_b[7]_mod_3/n0322<5>)
     LUT6:I0->O            1   0.203   0.808  a[7]_b[7]_mod_3/BUS_0009_INV_109_o21 (a[7]_b[7]_mod_3/BUS_0009_INV_109_o2)
     LUT5:I2->O            2   0.205   0.617  a[7]_b[7]_mod_3/BUS_0009_INV_109_o24 (a[7]_b[7]_mod_3/BUS_0009_INV_109_o23)
     LUT6:I5->O            7   0.205   1.021  a[7]_b[7]_mod_3/BUS_0009_INV_109_o25 (a[7]_b[7]_mod_3/BUS_0009_INV_109_o)
     LUT5:I1->O            1   0.203   0.000  Mmux_state[1]_b[7]_wide_mux_4_OUT71 (state[1]_b[7]_wide_mux_4_OUT<6>)
     FDE:D                     0.102          tmp2_6
    ----------------------------------------
    Total                     27.992ns (6.145ns logic, 21.847ns route)
                                       (22.0% logic, 78.0% route)

=========================================================================
Timing constraint: Default OFFSET OUT AFTER for Clock 'clk'
  Total number of paths / destination ports: 8 / 8
-------------------------------------------------------------------------
Offset:              3.634ns (Levels of Logic = 1)
  Source:            c_7 (FF)
  Destination:       c<7> (PAD)
  Source Clock:      clk rising

  Data Path: c_7 to c<7>
                                Gate     Net
    Cell:in->out      fanout   Delay   Delay  Logical Name (Net Name)
    ----------------------------------------  ------------
     FDE:C->Q              2   0.447   0.616  c_7 (c_7)
     OBUF:I->O                 2.571          c_7_OBUF (c<7>)
    ----------------------------------------
    Total                      3.634ns (3.018ns logic, 0.616ns route)
                                       (83.0% logic, 17.0% route)

=========================================================================

Cross Clock Domains Report:
--------------------------

Clock to Setup on destination clock clk
---------------+---------+---------+---------+---------+
               | Src:Rise| Src:Fall| Src:Rise| Src:Fall|
Source Clock   |Dest:Rise|Dest:Rise|Dest:Fall|Dest:Fall|
---------------+---------+---------+---------+---------+
clk            |    2.659|         |         |         |
---------------+---------+---------+---------+---------+

=========================================================================


Total REAL time to Xst completion: 20.00 secs
Total CPU time to Xst completion: 18.50 secs
 
--> 


Total memory usage is 482528 kilobytes

Number of errors   :    0 (   0 filtered)
Number of warnings :    0 (   0 filtered)
Number of infos    :    0 (   0 filtered)

